/Users/davidmahler/Desktop/microAssets/_scripts/sporlyworks_board_coordinator.py:1210: SyntaxWarning: invalid escape sequence '\#'
  """
/Users/davidmahler/Desktop/microAssets/_scripts/sporlyworks_board_coordinator.py:1295: DeprecationWarning: datetime.datetime.utcnow() is deprecated and scheduled for removal in a future version. Use timezone-aware objects to represent datetimes in UTC: datetime.datetime.now(datetime.UTC).
  print(f"Cycle Start: {datetime.utcnow().isoformat()}Z")
2026-04-22 18:33:28,908 | QA Agent | [INFO] Dynamic Resource Management: Current Intensity = LOW
2026-04-22 18:33:28,908 | QA Agent | [INFO] Loaded Master Undone Ledger.
2026-04-22 18:33:28,908 | QA Agent | [INFO] Running QA pre-flight audit...
2026-04-22 18:33:28,908 | QA Agent | [INFO] Starting full QA audit (v8.0)...
2026-04-22 18:33:28,908 | QA Agent | [INFO] Checking portfolio integrity...
2026-04-22 18:33:29,045 | QA Agent | [INFO] Checking landing page...
2026-04-22 18:34:25,680 | QA Agent | [INFO] Checking GitHub releases...
2026-04-22 18:34:27,110 | QA Agent | [INFO] Checking infrastructure health...
2026-04-22 18:34:27,328 | QA Agent | [INFO] Checking GitHub Actions status...
2026-04-22 18:34:27,334 | QA Agent | [INFO] Checking performance profiling...
2026-04-22 18:34:27,443 | QA Agent | [INFO] Checking dependency vulnerabilities...
2026-04-22 18:34:41,457 | QA Agent | [INFO] Checking landing page accessibility...
2026-04-22 18:34:41,563 | QA Agent | [INFO] QA Audit complete: WARN — 1 finding(s) across 10 checks
2026-04-22 18:34:41,566 | QA Agent | [INFO] QA: WARN | Chrome=87 | Firefox=85 | Android=86 | Findings=1
2026-04-22 18:34:41,570 | QA Agent | [WARNING]   QA: VULNERABILITY_FOUND: _android/css-grid-generator has 0 critical, 3 high vulnerabilities.
/Users/davidmahler/Desktop/microAssets/_scripts/sporlyworks_board_coordinator.py:186: DeprecationWarning: datetime.datetime.utcnow() is deprecated and scheduled for removal in a future version. Use timezone-aware objects to represent datetimes in UTC: datetime.datetime.now(datetime.UTC).
  timestamp = datetime.utcnow().strftime("%Y%m%dT%H%M%SZ")
2026-04-22 18:34:41,646 | QA Agent | [INFO] Ledger backed up to /Users/davidmahler/Desktop/microAssets/_scripts/.ledger_backups/ledger_20260422T223441Z.json
2026-04-22 18:34:41,646 | QA Agent | [INFO] Consulting the Executive Board...
2026-04-22 18:34:41,646 | QA Agent | [WARNING] CEO_INBOX_URL/CEO_INBOX_SECRET not set. Falling back to IMAP.
2026-04-22 18:34:42,783 | QA Agent | [INFO] Trying Local Gemma 4 proxy...
2026-04-22 18:34:42,786 | QA Agent | [INFO] VRAM LOCK ACQUIRED for attempt 1
